{"C:\\Users\\bhuva\\Desktop\\flowforge\\backend\\src\\middleware\\auth.middleware.ts": {"path":"C:\\Users\\bhuva\\Desktop\\flowforge\\backend\\src\\middleware\\auth.middleware.ts","statementMap":{"0":{"start":{"line":2,"column":0},"end":{"line":2,"column":31}},"1":{"start":{"line":3,"column":0},"end":{"line":3,"column":46}},"2":{"start":{"line":5,"column":23},"end":{"line":33,"column":1}},"3":{"start":{"line":6,"column":2},"end":{"line":32,"column":3}},"4":{"start":{"line":9,"column":16},"end":{"line":9,"column":34}},"5":{"start":{"line":11,"column":4},"end":{"line":16,"column":5}},"6":{"start":{"line":12,"column":25},"end":{"line":12,"column":50}},"7":{"start":{"line":13,"column":6},"end":{"line":15,"column":7}},"8":{"start":{"line":14,"column":8},"end":{"line":14,"column":41}},"9":{"start":{"line":18,"column":4},"end":{"line":20,"column":5}},"10":{"start":{"line":19,"column":6},"end":{"line":19,"column":60}},"11":{"start":{"line":22,"column":20},"end":{"line":22,"column":82}},"12":{"start":{"line":23,"column":5},"end":{"line":23,"column":32}},"13":{"start":{"line":27,"column":5},"end":{"line":27,"column":51}},"14":{"start":{"line":29,"column":4},"end":{"line":29,"column":11}},"15":{"start":{"line":31,"column":4},"end":{"line":31,"column":59}},"16":{"start":{"line":5,"column":13},"end":{"line":5,"column":23}}},"fnMap":{"0":{"name":"(anonymous_1)","decl":{"start":{"line":5,"column":23},"end":{"line":5,"column":24}},"loc":{"start":{"line":5,"column":75},"end":{"line":33,"column":1}}}},"branchMap":{"0":{"loc":{"start":{"line":11,"column":4},"end":{"line":16,"column":5}},"type":"if","locations":[{"start":{"line":11,"column":4},"end":{"line":16,"column":5}},{"start":{},"end":{}}]},"1":{"loc":{"start":{"line":13,"column":6},"end":{"line":15,"column":7}},"type":"if","locations":[{"start":{"line":13,"column":6},"end":{"line":15,"column":7}},{"start":{},"end":{}}]},"2":{"loc":{"start":{"line":13,"column":10},"end":{"line":13,"column":56}},"type":"binary-expr","locations":[{"start":{"line":13,"column":10},"end":{"line":13,"column":20}},{"start":{"line":13,"column":24},"end":{"line":13,"column":56}}]},"3":{"loc":{"start":{"line":18,"column":4},"end":{"line":20,"column":5}},"type":"if","locations":[{"start":{"line":18,"column":4},"end":{"line":20,"column":5}},{"start":{},"end":{}}]},"4":{"loc":{"start":{"line":22,"column":38},"end":{"line":22,"column":81}},"type":"binary-expr","locations":[{"start":{"line":22,"column":38},"end":{"line":22,"column":60}},{"start":{"line":22,"column":64},"end":{"line":22,"column":81}}]}},"s":{"0":1,"1":1,"2":1,"3":7,"4":7,"5":7,"6":7,"7":7,"8":6,"9":7,"10":1,"11":6,"12":6,"13":6,"14":6,"15":0,"16":1},"f":{"0":7},"b":{"0":[7,0],"1":[6,1],"2":[7,6],"3":[1,6],"4":[6,6]}}
,"C:\\Users\\bhuva\\Desktop\\flowforge\\backend\\src\\middleware\\workspace.middleware.ts": {"path":"C:\\Users\\bhuva\\Desktop\\flowforge\\backend\\src\\middleware\\workspace.middleware.ts","statementMap":{"0":{"start":{"line":2,"column":0},"end":{"line":2,"column":44}},"1":{"start":{"line":3,"column":0},"end":{"line":3,"column":46}},"2":{"start":{"line":5,"column":32},"end":{"line":40,"column":1}},"3":{"start":{"line":6,"column":22},"end":{"line":6,"column":61}},"4":{"start":{"line":8,"column":2},"end":{"line":10,"column":3}},"5":{"start":{"line":9,"column":4},"end":{"line":9,"column":83}},"6":{"start":{"line":12,"column":2},"end":{"line":39,"column":3}},"7":{"start":{"line":13,"column":20},"end":{"line":13,"column":40}},"8":{"start":{"line":14,"column":4},"end":{"line":16,"column":5}},"9":{"start":{"line":15,"column":6},"end":{"line":15,"column":59}},"10":{"start":{"line":18,"column":19},"end":{"line":25,"column":6}},"11":{"start":{"line":27,"column":4},"end":{"line":29,"column":5}},"12":{"start":{"line":28,"column":6},"end":{"line":28,"column":76}},"13":{"start":{"line":32,"column":5},"end":{"line":32,"column":43}},"14":{"start":{"line":33,"column":5},"end":{"line":33,"column":45}},"15":{"start":{"line":35,"column":4},"end":{"line":35,"column":11}},"16":{"start":{"line":37,"column":4},"end":{"line":37,"column":54}},"17":{"start":{"line":38,"column":4},"end":{"line":38,"column":74}},"18":{"start":{"line":5,"column":13},"end":{"line":5,"column":32}}},"fnMap":{"0":{"name":"(anonymous_0)","decl":{"start":{"line":5,"column":32},"end":{"line":5,"column":37}},"loc":{"start":{"line":5,"column":90},"end":{"line":40,"column":1}}}},"branchMap":{"0":{"loc":{"start":{"line":8,"column":2},"end":{"line":10,"column":3}},"type":"if","locations":[{"start":{"line":8,"column":2},"end":{"line":10,"column":3}},{"start":{},"end":{}}]},"1":{"loc":{"start":{"line":14,"column":4},"end":{"line":16,"column":5}},"type":"if","locations":[{"start":{"line":14,"column":4},"end":{"line":16,"column":5}},{"start":{},"end":{}}]},"2":{"loc":{"start":{"line":27,"column":4},"end":{"line":29,"column":5}},"type":"if","locations":[{"start":{"line":27,"column":4},"end":{"line":29,"column":5}},{"start":{},"end":{}}]}},"s":{"0":1,"1":1,"2":1,"3":3,"4":3,"5":0,"6":3,"7":3,"8":3,"9":0,"10":3,"11":3,"12":0,"13":3,"14":3,"15":3,"16":0,"17":0,"18":1},"f":{"0":3},"b":{"0":[0,3],"1":[0,3],"2":[0,3]}}
,"C:\\Users\\bhuva\\Desktop\\flowforge\\backend\\src\\modules\\auth\\auth.controller.ts": {"path":"C:\\Users\\bhuva\\Desktop\\flowforge\\backend\\src\\modules\\auth\\auth.controller.ts","statementMap":{"0":{"start":{"line":2,"column":0},"end":{"line":2,"column":45}},"1":{"start":{"line":3,"column":0},"end":{"line":3,"column":62}},"2":{"start":{"line":5,"column":24},"end":{"line":24,"column":1}},"3":{"start":{"line":6,"column":2},"end":{"line":23,"column":3}},"4":{"start":{"line":7,"column":17},"end":{"line":7,"column":57}},"5":{"start":{"line":10,"column":4},"end":{"line":15,"column":7}},"6":{"start":{"line":17,"column":4},"end":{"line":17,"column":71}},"7":{"start":{"line":19,"column":4},"end":{"line":21,"column":5}},"8":{"start":{"line":20,"column":6},"end":{"line":20,"column":48}},"9":{"start":{"line":22,"column":4},"end":{"line":22,"column":61}},"10":{"start":{"line":5,"column":13},"end":{"line":5,"column":24}},"11":{"start":{"line":26,"column":21},"end":{"line":45,"column":1}},"12":{"start":{"line":27,"column":2},"end":{"line":44,"column":3}},"13":{"start":{"line":28,"column":17},"end":{"line":28,"column":54}},"14":{"start":{"line":31,"column":4},"end":{"line":36,"column":7}},"15":{"start":{"line":38,"column":4},"end":{"line":38,"column":54}},"16":{"start":{"line":40,"column":4},"end":{"line":42,"column":5}},"17":{"start":{"line":41,"column":6},"end":{"line":41,"column":48}},"18":{"start":{"line":43,"column":4},"end":{"line":43,"column":54}},"19":{"start":{"line":26,"column":13},"end":{"line":26,"column":21}},"20":{"start":{"line":47,"column":22},"end":{"line":50,"column":1}},"21":{"start":{"line":48,"column":2},"end":{"line":48,"column":27}},"22":{"start":{"line":49,"column":2},"end":{"line":49,"column":59}},"23":{"start":{"line":47,"column":13},"end":{"line":47,"column":22}}},"fnMap":{"0":{"name":"(anonymous_0)","decl":{"start":{"line":5,"column":24},"end":{"line":5,"column":29}},"loc":{"start":{"line":5,"column":62},"end":{"line":24,"column":1}}},"1":{"name":"(anonymous_1)","decl":{"start":{"line":26,"column":21},"end":{"line":26,"column":26}},"loc":{"start":{"line":26,"column":59},"end":{"line":45,"column":1}}},"2":{"name":"(anonymous_2)","decl":{"start":{"line":47,"column":22},"end":{"line":47,"column":27}},"loc":{"start":{"line":47,"column":60},"end":{"line":50,"column":1}}}},"branchMap":{"0":{"loc":{"start":{"line":19,"column":4},"end":{"line":21,"column":5}},"type":"if","locations":[{"start":{"line":19,"column":4},"end":{"line":21,"column":5}},{"start":{},"end":{}}]},"1":{"loc":{"start":{"line":40,"column":4},"end":{"line":42,"column":5}},"type":"if","locations":[{"start":{"line":40,"column":4},"end":{"line":42,"column":5}},{"start":{},"end":{}}]}},"s":{"0":1,"1":1,"2":1,"3":3,"4":3,"5":1,"6":1,"7":2,"8":1,"9":1,"10":1,"11":1,"12":2,"13":2,"14":1,"15":1,"16":1,"17":1,"18":0,"19":1,"20":1,"21":0,"22":0,"23":1},"f":{"0":3,"1":2,"2":0},"b":{"0":[1,1],"1":[1,0]}}
,"C:\\Users\\bhuva\\Desktop\\flowforge\\backend\\src\\modules\\auth\\auth.routes.ts": {"path":"C:\\Users\\bhuva\\Desktop\\flowforge\\backend\\src\\modules\\auth\\auth.routes.ts","statementMap":{"0":{"start":{"line":1,"column":0},"end":{"line":1,"column":33}},"1":{"start":{"line":2,"column":0},"end":{"line":2,"column":60}},"2":{"start":{"line":4,"column":15},"end":{"line":4,"column":23}},"3":{"start":{"line":6,"column":0},"end":{"line":6,"column":35}},"4":{"start":{"line":7,"column":0},"end":{"line":7,"column":29}},"5":{"start":{"line":8,"column":0},"end":{"line":8,"column":31}},"6":{"start":{"line":10,"column":0},"end":{"line":10,"column":22}}},"fnMap":{},"branchMap":{},"s":{"0":1,"1":1,"2":1,"3":1,"4":1,"5":1,"6":1},"f":{},"b":{}}
,"C:\\Users\\bhuva\\Desktop\\flowforge\\backend\\src\\modules\\auth\\auth.service.ts": {"path":"C:\\Users\\bhuva\\Desktop\\flowforge\\backend\\src\\modules\\auth\\auth.service.ts","statementMap":{"0":{"start":{"line":1,"column":0},"end":{"line":1,"column":30}},"1":{"start":{"line":2,"column":0},"end":{"line":2,"column":31}},"2":{"start":{"line":3,"column":0},"end":{"line":3,"column":47}},"3":{"start":{"line":5,"column":19},"end":{"line":5,"column":53}},"4":{"start":{"line":6,"column":23},"end":{"line":6,"column":57}},"5":{"start":{"line":10,"column":38},"end":{"line":10,"column":42}},"6":{"start":{"line":13,"column":23},"end":{"line":15,"column":6}},"7":{"start":{"line":17,"column":4},"end":{"line":19,"column":5}},"8":{"start":{"line":18,"column":6},"end":{"line":18,"column":45}},"9":{"start":{"line":22,"column":17},"end":{"line":22,"column":41}},"10":{"start":{"line":23,"column":27},"end":{"line":23,"column":60}},"11":{"start":{"line":26,"column":17},"end":{"line":42,"column":6}},"12":{"start":{"line":45,"column":18},"end":{"line":47,"column":6}},"13":{"start":{"line":49,"column":4},"end":{"line":57,"column":6}},"14":{"start":{"line":61,"column":32},"end":{"line":61,"column":36}},"15":{"start":{"line":64,"column":17},"end":{"line":66,"column":6}},"16":{"start":{"line":68,"column":4},"end":{"line":70,"column":5}},"17":{"start":{"line":69,"column":6},"end":{"line":69,"column":51}},"18":{"start":{"line":73,"column":20},"end":{"line":73,"column":65}},"19":{"start":{"line":75,"column":4},"end":{"line":77,"column":5}},"20":{"start":{"line":76,"column":6},"end":{"line":76,"column":51}},"21":{"start":{"line":80,"column":18},"end":{"line":82,"column":6}},"22":{"start":{"line":84,"column":4},"end":{"line":92,"column":6}},"23":{"start":{"line":8,"column":0},"end":{"line":8,"column":13}}},"fnMap":{"0":{"name":"(anonymous_1)","decl":{"start":{"line":9,"column":2},"end":{"line":9,"column":8}},"loc":{"start":{"line":9,"column":37},"end":{"line":58,"column":3}}},"1":{"name":"(anonymous_2)","decl":{"start":{"line":60,"column":2},"end":{"line":60,"column":8}},"loc":{"start":{"line":60,"column":34},"end":{"line":93,"column":3}}}},"branchMap":{"0":{"loc":{"start":{"line":5,"column":19},"end":{"line":5,"column":53}},"type":"binary-expr","locations":[{"start":{"line":5,"column":19},"end":{"line":5,"column":41}},{"start":{"line":5,"column":45},"end":{"line":5,"column":53}}]},"1":{"loc":{"start":{"line":6,"column":23},"end":{"line":6,"column":57}},"type":"binary-expr","locations":[{"start":{"line":6,"column":23},"end":{"line":6,"column":49}},{"start":{"line":6,"column":53},"end":{"line":6,"column":57}}]},"2":{"loc":{"start":{"line":17,"column":4},"end":{"line":19,"column":5}},"type":"if","locations":[{"start":{"line":17,"column":4},"end":{"line":19,"column":5}},{"start":{},"end":{}}]},"3":{"loc":{"start":{"line":68,"column":4},"end":{"line":70,"column":5}},"type":"if","locations":[{"start":{"line":68,"column":4},"end":{"line":70,"column":5}},{"start":{},"end":{}}]},"4":{"loc":{"start":{"line":75,"column":4},"end":{"line":77,"column":5}},"type":"if","locations":[{"start":{"line":75,"column":4},"end":{"line":77,"column":5}},{"start":{},"end":{}}]}},"s":{"0":2,"1":2,"2":2,"3":2,"4":2,"5":5,"6":5,"7":5,"8":2,"9":3,"10":3,"11":2,"12":2,"13":2,"14":5,"15":5,"16":5,"17":2,"18":3,"19":3,"20":1,"21":2,"22":2,"23":2},"f":{"0":5,"1":5},"b":{"0":[2,2],"1":[2,2],"2":[2,3],"3":[2,3],"4":[1,2]}}
,"C:\\Users\\bhuva\\Desktop\\flowforge\\backend\\src\\modules\\workflows\\workflow.controller.ts": {"path":"C:\\Users\\bhuva\\Desktop\\flowforge\\backend\\src\\modules\\workflows\\workflow.controller.ts","statementMap":{"0":{"start":{"line":2,"column":0},"end":{"line":2,"column":47}},"1":{"start":{"line":3,"column":0},"end":{"line":3,"column":62}},"2":{"start":{"line":4,"column":0},"end":{"line":4,"column":52}},"3":{"start":{"line":6,"column":22},"end":{"line":27,"column":1}},"4":{"start":{"line":7,"column":2},"end":{"line":26,"column":3}},"5":{"start":{"line":8,"column":27},"end":{"line":8,"column":62}},"6":{"start":{"line":9,"column":4},"end":{"line":13,"column":5}},"7":{"start":{"line":10,"column":6},"end":{"line":12,"column":7}},"8":{"start":{"line":11,"column":8},"end":{"line":11,"column":55}},"9":{"start":{"line":15,"column":4},"end":{"line":23,"column":5}},"10":{"start":{"line":16,"column":6},"end":{"line":22,"column":8}},"11":{"start":{"line":25,"column":4},"end":{"line":25,"column":75}},"12":{"start":{"line":29,"column":28},"end":{"line":47,"column":1}},"13":{"start":{"line":30,"column":2},"end":{"line":46,"column":3}},"14":{"start":{"line":31,"column":25},"end":{"line":31,"column":48}},"15":{"start":{"line":32,"column":4},"end":{"line":34,"column":5}},"16":{"start":{"line":33,"column":6},"end":{"line":33,"column":58}},"17":{"start":{"line":36,"column":22},"end":{"line":42,"column":6}},"18":{"start":{"line":43,"column":4},"end":{"line":43,"column":75}},"19":{"start":{"line":45,"column":4},"end":{"line":45,"column":67}},"20":{"start":{"line":29,"column":13},"end":{"line":29,"column":28}},"21":{"start":{"line":49,"column":31},"end":{"line":70,"column":1}},"22":{"start":{"line":50,"column":2},"end":{"line":69,"column":3}},"23":{"start":{"line":51,"column":19},"end":{"line":51,"column":29}},"24":{"start":{"line":52,"column":25},"end":{"line":52,"column":48}},"25":{"start":{"line":54,"column":21},"end":{"line":60,"column":6}},"26":{"start":{"line":62,"column":4},"end":{"line":64,"column":5}},"27":{"start":{"line":63,"column":6},"end":{"line":63,"column":55}},"28":{"start":{"line":66,"column":4},"end":{"line":66,"column":73}},"29":{"start":{"line":68,"column":4},"end":{"line":68,"column":66}},"30":{"start":{"line":49,"column":13},"end":{"line":49,"column":31}},"31":{"start":{"line":72,"column":30},"end":{"line":113,"column":1}},"32":{"start":{"line":73,"column":2},"end":{"line":112,"column":3}},"33":{"start":{"line":74,"column":95},"end":{"line":74,"column":103}},"34":{"start":{"line":76,"column":25},"end":{"line":76,"column":48}},"35":{"start":{"line":78,"column":4},"end":{"line":80,"column":5}},"36":{"start":{"line":79,"column":6},"end":{"line":79,"column":70}},"37":{"start":{"line":82,"column":21},"end":{"line":103,"column":6}},"38":{"start":{"line":93,"column":64},"end":{"line":97,"column":12}},"39":{"start":{"line":105,"column":4},"end":{"line":107,"column":5}},"40":{"start":{"line":106,"column":6},"end":{"line":106,"column":83}},"41":{"start":{"line":109,"column":4},"end":{"line":109,"column":76}},"42":{"start":{"line":111,"column":4},"end":{"line":111,"column":67}},"43":{"start":{"line":72,"column":13},"end":{"line":72,"column":30}},"44":{"start":{"line":115,"column":30},"end":{"line":161,"column":1}},"45":{"start":{"line":116,"column":2},"end":{"line":160,"column":3}},"46":{"start":{"line":117,"column":19},"end":{"line":117,"column":29}},"47":{"start":{"line":118,"column":25},"end":{"line":118,"column":48}},"48":{"start":{"line":119,"column":95},"end":{"line":119,"column":103}},"49":{"start":{"line":122,"column":21},"end":{"line":122,"column":98}},"50":{"start":{"line":123,"column":4},"end":{"line":123,"column":68}},"51":{"start":{"line":123,"column":19},"end":{"line":123,"column":68}},"52":{"start":{"line":125,"column":21},"end":{"line":148,"column":6}},"53":{"start":{"line":137,"column":65},"end":{"line":141,"column":14}},"54":{"start":{"line":150,"column":4},"end":{"line":155,"column":5}},"55":{"start":{"line":151,"column":6},"end":{"line":151,"column":118}},"56":{"start":{"line":154,"column":6},"end":{"line":154,"column":52}},"57":{"start":{"line":157,"column":4},"end":{"line":157,"column":71}},"58":{"start":{"line":159,"column":4},"end":{"line":159,"column":67}},"59":{"start":{"line":115,"column":13},"end":{"line":115,"column":30}},"60":{"start":{"line":163,"column":30},"end":{"line":181,"column":1}},"61":{"start":{"line":164,"column":2},"end":{"line":180,"column":3}},"62":{"start":{"line":165,"column":19},"end":{"line":165,"column":29}},"63":{"start":{"line":166,"column":25},"end":{"line":166,"column":48}},"64":{"start":{"line":168,"column":21},"end":{"line":168,"column":98}},"65":{"start":{"line":169,"column":4},"end":{"line":169,"column":68}},"66":{"start":{"line":169,"column":19},"end":{"line":169,"column":68}},"67":{"start":{"line":171,"column":4},"end":{"line":173,"column":7}},"68":{"start":{"line":175,"column":4},"end":{"line":175,"column":51}},"69":{"start":{"line":177,"column":4},"end":{"line":177,"column":67}},"70":{"start":{"line":179,"column":4},"end":{"line":179,"column":67}},"71":{"start":{"line":163,"column":13},"end":{"line":163,"column":30}},"72":{"start":{"line":183,"column":0},"end":{"line":183,"column":60}},"73":{"start":{"line":185,"column":31},"end":{"line":224,"column":1}},"74":{"start":{"line":186,"column":2},"end":{"line":223,"column":3}},"75":{"start":{"line":187,"column":19},"end":{"line":187,"column":29}},"76":{"start":{"line":188,"column":24},"end":{"line":188,"column":32}},"77":{"start":{"line":190,"column":25},"end":{"line":190,"column":48}},"78":{"start":{"line":192,"column":21},"end":{"line":194,"column":6}},"79":{"start":{"line":196,"column":4},"end":{"line":198,"column":5}},"80":{"start":{"line":197,"column":6},"end":{"line":197,"column":71}},"81":{"start":{"line":200,"column":4},"end":{"line":202,"column":5}},"82":{"start":{"line":201,"column":6},"end":{"line":201,"column":67}},"83":{"start":{"line":205,"column":22},"end":{"line":211,"column":6}},"84":{"start":{"line":214,"column":4},"end":{"line":218,"column":7}},"85":{"start":{"line":220,"column":4},"end":{"line":220,"column":97}},"86":{"start":{"line":222,"column":4},"end":{"line":222,"column":68}},"87":{"start":{"line":185,"column":13},"end":{"line":185,"column":31}},"88":{"start":{"line":226,"column":29},"end":{"line":247,"column":1}},"89":{"start":{"line":227,"column":2},"end":{"line":246,"column":3}},"90":{"start":{"line":228,"column":19},"end":{"line":228,"column":29}},"91":{"start":{"line":229,"column":25},"end":{"line":229,"column":48}},"92":{"start":{"line":231,"column":21},"end":{"line":231,"column":98}},"93":{"start":{"line":232,"column":4},"end":{"line":232,"column":68}},"94":{"start":{"line":232,"column":19},"end":{"line":232,"column":68}},"95":{"start":{"line":234,"column":4},"end":{"line":236,"column":5}},"96":{"start":{"line":235,"column":6},"end":{"line":235,"column":91}},"97":{"start":{"line":238,"column":20},"end":{"line":238,"column":108}},"98":{"start":{"line":239,"column":20},"end":{"line":242,"column":6}},"99":{"start":{"line":243,"column":4},"end":{"line":243,"column":90}},"100":{"start":{"line":245,"column":4},"end":{"line":245,"column":66}},"101":{"start":{"line":226,"column":13},"end":{"line":226,"column":29}},"102":{"start":{"line":249,"column":33},"end":{"line":265,"column":1}},"103":{"start":{"line":250,"column":2},"end":{"line":264,"column":3}},"104":{"start":{"line":251,"column":24},"end":{"line":251,"column":34}},"105":{"start":{"line":252,"column":21},"end":{"line":258,"column":6}},"106":{"start":{"line":260,"column":4},"end":{"line":260,"column":75}},"107":{"start":{"line":260,"column":19},"end":{"line":260,"column":75}},"108":{"start":{"line":261,"column":4},"end":{"line":261,"column":67}},"109":{"start":{"line":263,"column":4},"end":{"line":263,"column":73}},"110":{"start":{"line":249,"column":13},"end":{"line":249,"column":33}},"111":{"start":{"line":267,"column":33},"end":{"line":303,"column":1}},"112":{"start":{"line":268,"column":2},"end":{"line":302,"column":3}},"113":{"start":{"line":269,"column":24},"end":{"line":269,"column":34}},"114":{"start":{"line":270,"column":25},"end":{"line":270,"column":48}},"115":{"start":{"line":272,"column":27},"end":{"line":275,"column":6}},"116":{"start":{"line":277,"column":4},"end":{"line":277,"column":81}},"117":{"start":{"line":277,"column":25},"end":{"line":277,"column":81}},"118":{"start":{"line":279,"column":24},"end":{"line":297,"column":6}},"119":{"start":{"line":289,"column":56},"end":{"line":293,"column":12}},"120":{"start":{"line":299,"column":4},"end":{"line":299,"column":82}},"121":{"start":{"line":301,"column":4},"end":{"line":301,"column":70}},"122":{"start":{"line":267,"column":13},"end":{"line":267,"column":33}},"123":{"start":{"line":305,"column":28},"end":{"line":319,"column":1}},"124":{"start":{"line":306,"column":2},"end":{"line":318,"column":3}},"125":{"start":{"line":307,"column":22},"end":{"line":314,"column":6}},"126":{"start":{"line":315,"column":4},"end":{"line":315,"column":75}},"127":{"start":{"line":317,"column":4},"end":{"line":317,"column":67}},"128":{"start":{"line":305,"column":13},"end":{"line":305,"column":28}}},"fnMap":{"0":{"name":"(anonymous_0)","decl":{"start":{"line":6,"column":22},"end":{"line":6,"column":27}},"loc":{"start":{"line":6,"column":101},"end":{"line":27,"column":1}}},"1":{"name":"(anonymous_1)","decl":{"start":{"line":29,"column":28},"end":{"line":29,"column":33}},"loc":{"start":{"line":29,"column":66},"end":{"line":47,"column":1}}},"2":{"name":"(anonymous_2)","decl":{"start":{"line":49,"column":31},"end":{"line":49,"column":36}},"loc":{"start":{"line":49,"column":69},"end":{"line":70,"column":1}}},"3":{"name":"(anonymous_3)","decl":{"start":{"line":72,"column":30},"end":{"line":72,"column":35}},"loc":{"start":{"line":72,"column":68},"end":{"line":113,"column":1}}},"4":{"name":"(anonymous_4)","decl":{"start":{"line":93,"column":31},"end":{"line":93,"column":32}},"loc":{"start":{"line":93,"column":64},"end":{"line":97,"column":12}}},"5":{"name":"(anonymous_5)","decl":{"start":{"line":115,"column":30},"end":{"line":115,"column":35}},"loc":{"start":{"line":115,"column":68},"end":{"line":161,"column":1}}},"6":{"name":"(anonymous_6)","decl":{"start":{"line":137,"column":32},"end":{"line":137,"column":33}},"loc":{"start":{"line":137,"column":65},"end":{"line":141,"column":14}}},"7":{"name":"(anonymous_7)","decl":{"start":{"line":163,"column":30},"end":{"line":163,"column":35}},"loc":{"start":{"line":163,"column":68},"end":{"line":181,"column":1}}},"8":{"name":"(anonymous_8)","decl":{"start":{"line":185,"column":31},"end":{"line":185,"column":36}},"loc":{"start":{"line":185,"column":69},"end":{"line":224,"column":1}}},"9":{"name":"(anonymous_9)","decl":{"start":{"line":226,"column":29},"end":{"line":226,"column":34}},"loc":{"start":{"line":226,"column":67},"end":{"line":247,"column":1}}},"10":{"name":"(anonymous_10)","decl":{"start":{"line":249,"column":33},"end":{"line":249,"column":38}},"loc":{"start":{"line":249,"column":71},"end":{"line":265,"column":1}}},"11":{"name":"(anonymous_11)","decl":{"start":{"line":267,"column":33},"end":{"line":267,"column":38}},"loc":{"start":{"line":267,"column":71},"end":{"line":303,"column":1}}},"12":{"name":"(anonymous_12)","decl":{"start":{"line":289,"column":45},"end":{"line":289,"column":51}},"loc":{"start":{"line":289,"column":56},"end":{"line":293,"column":12}}},"13":{"name":"(anonymous_13)","decl":{"start":{"line":305,"column":28},"end":{"line":305,"column":33}},"loc":{"start":{"line":305,"column":66},"end":{"line":319,"column":1}}}},"branchMap":{"0":{"loc":{"start":{"line":10,"column":6},"end":{"line":12,"column":7}},"type":"if","locations":[{"start":{"line":10,"column":6},"end":{"line":12,"column":7}},{"start":{},"end":{}}]},"1":{"loc":{"start":{"line":10,"column":10},"end":{"line":10,"column":64}},"type":"binary-expr","locations":[{"start":{"line":10,"column":10},"end":{"line":10,"column":33}},{"start":{"line":10,"column":37},"end":{"line":10,"column":64}}]},"2":{"loc":{"start":{"line":15,"column":4},"end":{"line":23,"column":5}},"type":"if","locations":[{"start":{"line":15,"column":4},"end":{"line":23,"column":5}},{"start":{},"end":{}}]},"3":{"loc":{"start":{"line":15,"column":8},"end":{"line":15,"column":34}},"type":"binary-expr","locations":[{"start":{"line":15,"column":8},"end":{"line":15,"column":16}},{"start":{"line":15,"column":20},"end":{"line":15,"column":34}}]},"4":{"loc":{"start":{"line":32,"column":4},"end":{"line":34,"column":5}},"type":"if","locations":[{"start":{"line":32,"column":4},"end":{"line":34,"column":5}},{"start":{},"end":{}}]},"5":{"loc":{"start":{"line":62,"column":4},"end":{"line":64,"column":5}},"type":"if","locations":[{"start":{"line":62,"column":4},"end":{"line":64,"column":5}},{"start":{},"end":{}}]},"6":{"loc":{"start":{"line":78,"column":4},"end":{"line":80,"column":5}},"type":"if","locations":[{"start":{"line":78,"column":4},"end":{"line":80,"column":5}},{"start":{},"end":{}}]},"7":{"loc":{"start":{"line":89,"column":18},"end":{"line":89,"column":35}},"type":"binary-expr","locations":[{"start":{"line":89,"column":18},"end":{"line":89,"column":26}},{"start":{"line":89,"column":30},"end":{"line":89,"column":35}}]},"8":{"loc":{"start":{"line":93,"column":18},"end":{"line":97,"column":19}},"type":"binary-expr","locations":[{"start":{"line":93,"column":18},"end":{"line":97,"column":13}},{"start":{"line":97,"column":17},"end":{"line":97,"column":19}}]},"9":{"loc":{"start":{"line":95,"column":20},"end":{"line":95,"column":39}},"type":"binary-expr","locations":[{"start":{"line":95,"column":20},"end":{"line":95,"column":33}},{"start":{"line":95,"column":37},"end":{"line":95,"column":39}}]},"10":{"loc":{"start":{"line":105,"column":4},"end":{"line":107,"column":5}},"type":"if","locations":[{"start":{"line":105,"column":4},"end":{"line":107,"column":5}},{"start":{},"end":{}}]},"11":{"loc":{"start":{"line":123,"column":4},"end":{"line":123,"column":68}},"type":"if","locations":[{"start":{"line":123,"column":4},"end":{"line":123,"column":68}},{"start":{},"end":{}}]},"12":{"loc":{"start":{"line":134,"column":12},"end":{"line":143,"column":10}},"type":"binary-expr","locations":[{"start":{"line":134,"column":12},"end":{"line":134,"column":19}},{"start":{"line":134,"column":23},"end":{"line":143,"column":10}}]},"13":{"loc":{"start":{"line":139,"column":22},"end":{"line":139,"column":41}},"type":"binary-expr","locations":[{"start":{"line":139,"column":22},"end":{"line":139,"column":35}},{"start":{"line":139,"column":39},"end":{"line":139,"column":41}}]},"14":{"loc":{"start":{"line":150,"column":4},"end":{"line":155,"column":5}},"type":"if","locations":[{"start":{"line":150,"column":4},"end":{"line":155,"column":5}},{"start":{"line":152,"column":11},"end":{"line":155,"column":5}}]},"15":{"loc":{"start":{"line":150,"column":8},"end":{"line":150,"column":65}},"type":"binary-expr","locations":[{"start":{"line":150,"column":8},"end":{"line":150,"column":39}},{"start":{"line":150,"column":43},"end":{"line":150,"column":65}}]},"16":{"loc":{"start":{"line":151,"column":39},"end":{"line":151,"column":91}},"type":"binary-expr","locations":[{"start":{"line":151,"column":39},"end":{"line":151,"column":56}},{"start":{"line":151,"column":60},"end":{"line":151,"column":91}}]},"17":{"loc":{"start":{"line":169,"column":4},"end":{"line":169,"column":68}},"type":"if","locations":[{"start":{"line":169,"column":4},"end":{"line":169,"column":68}},{"start":{},"end":{}}]},"18":{"loc":{"start":{"line":196,"column":4},"end":{"line":198,"column":5}},"type":"if","locations":[{"start":{"line":196,"column":4},"end":{"line":198,"column":5}},{"start":{},"end":{}}]},"19":{"loc":{"start":{"line":200,"column":4},"end":{"line":202,"column":5}},"type":"if","locations":[{"start":{"line":200,"column":4},"end":{"line":202,"column":5}},{"start":{},"end":{}}]},"20":{"loc":{"start":{"line":232,"column":4},"end":{"line":232,"column":68}},"type":"if","locations":[{"start":{"line":232,"column":4},"end":{"line":232,"column":68}},{"start":{},"end":{}}]},"21":{"loc":{"start":{"line":234,"column":4},"end":{"line":236,"column":5}},"type":"if","locations":[{"start":{"line":234,"column":4},"end":{"line":236,"column":5}},{"start":{},"end":{}}]},"22":{"loc":{"start":{"line":260,"column":4},"end":{"line":260,"column":75}},"type":"if","locations":[{"start":{"line":260,"column":4},"end":{"line":260,"column":75}},{"start":{},"end":{}}]},"23":{"loc":{"start":{"line":277,"column":4},"end":{"line":277,"column":81}},"type":"if","locations":[{"start":{"line":277,"column":4},"end":{"line":277,"column":81}},{"start":{},"end":{}}]},"24":{"loc":{"start":{"line":291,"column":20},"end":{"line":291,"column":39}},"type":"binary-expr","locations":[{"start":{"line":291,"column":20},"end":{"line":291,"column":33}},{"start":{"line":291,"column":37},"end":{"line":291,"column":39}}]}},"s":{"0":1,"1":1,"2":1,"3":1,"4":0,"5":0,"6":0,"7":0,"8":0,"9":0,"10":0,"11":0,"12":1,"13":1,"14":1,"15":1,"16":0,"17":1,"18":1,"19":0,"20":1,"21":1,"22":0,"23":0,"24":0,"25":0,"26":0,"27":0,"28":0,"29":0,"30":1,"31":1,"32":0,"33":0,"34":0,"35":0,"36":0,"37":0,"38":0,"39":0,"40":0,"41":0,"42":0,"43":1,"44":1,"45":0,"46":0,"47":0,"48":0,"49":0,"50":0,"51":0,"52":0,"53":0,"54":0,"55":0,"56":0,"57":0,"58":0,"59":1,"60":1,"61":0,"62":0,"63":0,"64":0,"65":0,"66":0,"67":0,"68":0,"69":0,"70":0,"71":1,"72":1,"73":1,"74":2,"75":2,"76":2,"77":2,"78":2,"79":2,"80":0,"81":2,"82":1,"83":1,"84":1,"85":1,"86":0,"87":1,"88":1,"89":0,"90":0,"91":0,"92":0,"93":0,"94":0,"95":0,"96":0,"97":0,"98":0,"99":0,"100":0,"101":1,"102":1,"103":0,"104":0,"105":0,"106":0,"107":0,"108":0,"109":0,"110":1,"111":1,"112":0,"113":0,"114":0,"115":0,"116":0,"117":0,"118":0,"119":0,"120":0,"121":0,"122":1,"123":1,"124":0,"125":0,"126":0,"127":0,"128":1},"f":{"0":0,"1":1,"2":0,"3":0,"4":0,"5":0,"6":0,"7":0,"8":2,"9":0,"10":0,"11":0,"12":0,"13":0},"b":{"0":[0,0],"1":[0,0],"2":[0,0],"3":[0,0],"4":[0,1],"5":[0,0],"6":[0,0],"7":[0,0],"8":[0,0],"9":[0,0],"10":[0,0],"11":[0,0],"12":[0,0],"13":[0,0],"14":[0,0],"15":[0,0],"16":[0,0],"17":[0,0],"18":[0,2],"19":[1,1],"20":[0,0],"21":[0,0],"22":[0,0],"23":[0,0],"24":[0,0]}}
,"C:\\Users\\bhuva\\Desktop\\flowforge\\backend\\src\\modules\\workflows\\workflow.routes.ts": {"path":"C:\\Users\\bhuva\\Desktop\\flowforge\\backend\\src\\modules\\workflows\\workflow.routes.ts","statementMap":{"0":{"start":{"line":1,"column":0},"end":{"line":1,"column":33}},"1":{"start":{"line":2,"column":0},"end":{"line":2,"column":null}},"2":{"start":{"line":14,"column":0},"end":{"line":14,"column":59}},"3":{"start":{"line":15,"column":0},"end":{"line":15,"column":73}},"4":{"start":{"line":17,"column":15},"end":{"line":17,"column":23}},"5":{"start":{"line":20,"column":0},"end":{"line":20,"column":46}},"6":{"start":{"line":21,"column":0},"end":{"line":21,"column":57}},"7":{"start":{"line":24,"column":0},"end":{"line":24,"column":20}},"8":{"start":{"line":25,"column":0},"end":{"line":25,"column":29}},"9":{"start":{"line":27,"column":0},"end":{"line":27,"column":68}},"10":{"start":{"line":29,"column":0},"end":{"line":29,"column":30}},"11":{"start":{"line":30,"column":0},"end":{"line":30,"column":33}},"12":{"start":{"line":31,"column":0},"end":{"line":31,"column":36}},"13":{"start":{"line":32,"column":0},"end":{"line":32,"column":37}},"14":{"start":{"line":33,"column":0},"end":{"line":33,"column":38}},"15":{"start":{"line":34,"column":0},"end":{"line":34,"column":45}},"16":{"start":{"line":35,"column":0},"end":{"line":35,"column":41}},"17":{"start":{"line":37,"column":0},"end":{"line":37,"column":22}}},"fnMap":{},"branchMap":{},"s":{"0":1,"1":1,"2":1,"3":1,"4":1,"5":1,"6":1,"7":1,"8":1,"9":1,"10":1,"11":1,"12":1,"13":1,"14":1,"15":1,"16":1,"17":1},"f":{},"b":{}}
,"C:\\Users\\bhuva\\Desktop\\flowforge\\backend\\src\\utils\\interpolate.ts": {"path":"C:\\Users\\bhuva\\Desktop\\flowforge\\backend\\src\\utils\\interpolate.ts","statementMap":{"0":{"start":{"line":1,"column":0},"end":{"line":1,"column":16}},"1":{"start":{"line":21,"column":0},"end":{"line":21,"column":16}},"2":{"start":{"line":2,"column":2},"end":{"line":2,"column":52}},"3":{"start":{"line":2,"column":36},"end":{"line":2,"column":52}},"4":{"start":{"line":4,"column":2},"end":{"line":18,"column":5}},"5":{"start":{"line":5,"column":17},"end":{"line":5,"column":32}},"6":{"start":{"line":6,"column":16},"end":{"line":6,"column":23}},"7":{"start":{"line":8,"column":4},"end":{"line":14,"column":5}},"8":{"start":{"line":9,"column":6},"end":{"line":13,"column":7}},"9":{"start":{"line":10,"column":8},"end":{"line":10,"column":27}},"10":{"start":{"line":12,"column":8},"end":{"line":12,"column":21}},"11":{"start":{"line":16,"column":4},"end":{"line":16,"column":57}},"12":{"start":{"line":16,"column":47},"end":{"line":16,"column":57}},"13":{"start":{"line":17,"column":4},"end":{"line":17,"column":77}},"14":{"start":{"line":22,"column":38},"end":{"line":22,"column":40}},"15":{"start":{"line":24,"column":2},"end":{"line":38,"column":3}},"16":{"start":{"line":25,"column":4},"end":{"line":37,"column":5}},"17":{"start":{"line":26,"column":6},"end":{"line":26,"column":54}},"18":{"start":{"line":27,"column":11},"end":{"line":37,"column":5}},"19":{"start":{"line":28,"column":6},"end":{"line":34,"column":7}},"20":{"start":{"line":29,"column":8},"end":{"line":31,"column":10}},"21":{"start":{"line":30,"column":10},"end":{"line":30,"column":76}},"22":{"start":{"line":33,"column":8},"end":{"line":33,"column":56}},"23":{"start":{"line":36,"column":6},"end":{"line":36,"column":26}},"24":{"start":{"line":40,"column":2},"end":{"line":40,"column":16}}},"fnMap":{"0":{"name":"interpolateString","decl":{"start":{"line":1,"column":16},"end":{"line":1,"column":33}},"loc":{"start":{"line":1,"column":64},"end":{"line":19,"column":1}}},"1":{"name":"(anonymous_1)","decl":{"start":{"line":4,"column":48},"end":{"line":4,"column":49}},"loc":{"start":{"line":4,"column":64},"end":{"line":18,"column":3}}},"2":{"name":"interpolateConfig","decl":{"start":{"line":21,"column":16},"end":{"line":21,"column":33}},"loc":{"start":{"line":21,"column":75},"end":{"line":41,"column":1}}},"3":{"name":"(anonymous_3)","decl":{"start":{"line":29,"column":32},"end":{"line":29,"column":36}},"loc":{"start":{"line":30,"column":10},"end":{"line":30,"column":76}}}},"branchMap":{"0":{"loc":{"start":{"line":2,"column":2},"end":{"line":2,"column":52}},"type":"if","locations":[{"start":{"line":2,"column":2},"end":{"line":2,"column":52}},{"start":{},"end":{}}]},"1":{"loc":{"start":{"line":9,"column":6},"end":{"line":13,"column":7}},"type":"if","locations":[{"start":{"line":9,"column":6},"end":{"line":13,"column":7}},{"start":{"line":11,"column":13},"end":{"line":13,"column":7}}]},"2":{"loc":{"start":{"line":9,"column":10},"end":{"line":9,"column":60}},"type":"binary-expr","locations":[{"start":{"line":9,"column":10},"end":{"line":9,"column":15}},{"start":{"line":9,"column":19},"end":{"line":9,"column":44}},{"start":{"line":9,"column":48},"end":{"line":9,"column":60}}]},"3":{"loc":{"start":{"line":16,"column":4},"end":{"line":16,"column":57}},"type":"if","locations":[{"start":{"line":16,"column":4},"end":{"line":16,"column":57}},{"start":{},"end":{}}]},"4":{"loc":{"start":{"line":16,"column":8},"end":{"line":16,"column":45}},"type":"binary-expr","locations":[{"start":{"line":16,"column":8},"end":{"line":16,"column":27}},{"start":{"line":16,"column":31},"end":{"line":16,"column":45}}]},"5":{"loc":{"start":{"line":17,"column":11},"end":{"line":17,"column":76}},"type":"cond-expr","locations":[{"start":{"line":17,"column":39},"end":{"line":17,"column":60}},{"start":{"line":17,"column":63},"end":{"line":17,"column":76}}]},"6":{"loc":{"start":{"line":25,"column":4},"end":{"line":37,"column":5}},"type":"if","locations":[{"start":{"line":25,"column":4},"end":{"line":37,"column":5}},{"start":{"line":27,"column":11},"end":{"line":37,"column":5}}]},"7":{"loc":{"start":{"line":27,"column":11},"end":{"line":37,"column":5}},"type":"if","locations":[{"start":{"line":27,"column":11},"end":{"line":37,"column":5}},{"start":{"line":35,"column":11},"end":{"line":37,"column":5}}]},"8":{"loc":{"start":{"line":27,"column":15},"end":{"line":27,"column":58}},"type":"binary-expr","locations":[{"start":{"line":27,"column":15},"end":{"line":27,"column":40}},{"start":{"line":27,"column":44},"end":{"line":27,"column":58}}]},"9":{"loc":{"start":{"line":28,"column":6},"end":{"line":34,"column":7}},"type":"if","locations":[{"start":{"line":28,"column":6},"end":{"line":34,"column":7}},{"start":{"line":32,"column":13},"end":{"line":34,"column":7}}]},"10":{"loc":{"start":{"line":30,"column":10},"end":{"line":30,"column":76}},"type":"cond-expr","locations":[{"start":{"line":30,"column":37},"end":{"line":30,"column":69}},{"start":{"line":30,"column":72},"end":{"line":30,"column":76}}]}},"s":{"0":1,"1":1,"2":9,"3":1,"4":8,"5":7,"6":7,"7":7,"8":13,"9":11,"10":2,"11":5,"12":0,"13":5,"14":3,"15":3,"16":5,"17":2,"18":3,"19":2,"20":1,"21":2,"22":1,"23":1,"24":3},"f":{"0":9,"1":7,"2":3,"3":2},"b":{"0":[1,8],"1":[11,2],"2":[13,12,12],"3":[0,5],"4":[5,5],"5":[2,3],"6":[2,3],"7":[2,1],"8":[3,2],"9":[1,1],"10":[2,0]}}
,"C:\\Users\\bhuva\\Desktop\\flowforge\\backend\\src\\utils\\response.ts": {"path":"C:\\Users\\bhuva\\Desktop\\flowforge\\backend\\src\\utils\\response.ts","statementMap":{"0":{"start":{"line":3,"column":27},"end":{"line":9,"column":1}},"1":{"start":{"line":4,"column":2},"end":{"line":8,"column":5}},"2":{"start":{"line":3,"column":13},"end":{"line":3,"column":27}},"3":{"start":{"line":11,"column":25},"end":{"line":17,"column":1}},"4":{"start":{"line":12,"column":2},"end":{"line":16,"column":5}},"5":{"start":{"line":11,"column":13},"end":{"line":11,"column":25}}},"fnMap":{"0":{"name":"(anonymous_0)","decl":{"start":{"line":3,"column":27},"end":{"line":3,"column":28}},"loc":{"start":{"line":3,"column":95},"end":{"line":9,"column":1}}},"1":{"name":"(anonymous_1)","decl":{"start":{"line":11,"column":25},"end":{"line":11,"column":26}},"loc":{"start":{"line":11,"column":105},"end":{"line":17,"column":1}}}},"branchMap":{"0":{"loc":{"start":{"line":3,"column":54},"end":{"line":3,"column":73}},"type":"default-arg","locations":[{"start":{"line":3,"column":64},"end":{"line":3,"column":73}}]},"1":{"loc":{"start":{"line":3,"column":75},"end":{"line":3,"column":91}},"type":"default-arg","locations":[{"start":{"line":3,"column":88},"end":{"line":3,"column":91}}]},"2":{"loc":{"start":{"line":11,"column":41},"end":{"line":11,"column":70}},"type":"default-arg","locations":[{"start":{"line":11,"column":51},"end":{"line":11,"column":70}}]},"3":{"loc":{"start":{"line":11,"column":72},"end":{"line":11,"column":88}},"type":"default-arg","locations":[{"start":{"line":11,"column":85},"end":{"line":11,"column":88}}]},"4":{"loc":{"start":{"line":15,"column":11},"end":{"line":15,"column":69}},"type":"cond-expr","locations":[{"start":{"line":15,"column":52},"end":{"line":15,"column":57}},{"start":{"line":15,"column":60},"end":{"line":15,"column":69}}]}},"s":{"0":2,"1":4,"2":2,"3":2,"4":5,"5":2},"f":{"0":4,"1":5},"b":{"0":[0],"1":[2],"2":[0],"3":[0],"4":[0,5]}}
}
