TN:
SF:src\middleware\auth.middleware.ts
FN:5,(anonymous_1)
FNF:1
FNH:1
FNDA:7,(anonymous_1)
DA:2,1
DA:3,1
DA:5,1
DA:6,7
DA:9,7
DA:11,7
DA:12,7
DA:13,7
DA:14,6
DA:18,7
DA:19,1
DA:22,6
DA:23,6
DA:27,6
DA:29,6
DA:31,0
LF:16
LH:15
BRDA:11,0,0,7
BRDA:11,0,1,0
BRDA:13,1,0,6
BRDA:13,1,1,1
BRDA:13,2,0,7
BRDA:13,2,1,6
BRDA:18,3,0,1
BRDA:18,3,1,6
BRDA:22,4,0,6
BRDA:22,4,1,6
BRF:10
BRH:9
end_of_record
TN:
SF:src\middleware\workspace.middleware.ts
FN:5,(anonymous_0)
FNF:1
FNH:1
FNDA:3,(anonymous_0)
DA:2,1
DA:3,1
DA:5,1
DA:6,3
DA:8,3
DA:9,0
DA:12,3
DA:13,3
DA:14,3
DA:15,0
DA:18,3
DA:27,3
DA:28,0
DA:32,3
DA:33,3
DA:35,3
DA:37,0
DA:38,0
LF:18
LH:13
BRDA:8,0,0,0
BRDA:8,0,1,3
BRDA:14,1,0,0
BRDA:14,1,1,3
BRDA:27,2,0,0
BRDA:27,2,1,3
BRF:6
BRH:3
end_of_record
TN:
SF:src\modules\auth\auth.controller.ts
FN:5,(anonymous_0)
FN:26,(anonymous_1)
FN:47,(anonymous_2)
FNF:3
FNH:2
FNDA:3,(anonymous_0)
FNDA:2,(anonymous_1)
FNDA:0,(anonymous_2)
DA:2,1
DA:3,1
DA:5,1
DA:6,3
DA:7,3
DA:10,1
DA:17,1
DA:19,2
DA:20,1
DA:22,1
DA:26,1
DA:27,2
DA:28,2
DA:31,1
DA:38,1
DA:40,1
DA:41,1
DA:43,0
DA:47,1
DA:48,0
DA:49,0
LF:21
LH:18
BRDA:19,0,0,1
BRDA:19,0,1,1
BRDA:40,1,0,1
BRDA:40,1,1,0
BRF:4
BRH:3
end_of_record
TN:
SF:src\modules\auth\auth.routes.ts
FNF:0
FNH:0
DA:1,1
DA:2,1
DA:4,1
DA:6,1
DA:7,1
DA:8,1
DA:10,1
LF:7
LH:7
BRF:0
BRH:0
end_of_record
TN:
SF:src\modules\auth\auth.service.ts
FN:9,(anonymous_1)
FN:60,(anonymous_2)
FNF:2
FNH:2
FNDA:5,(anonymous_1)
FNDA:5,(anonymous_2)
DA:1,2
DA:2,2
DA:3,2
DA:5,2
DA:6,2
DA:8,2
DA:10,5
DA:13,5
DA:17,5
DA:18,2
DA:22,3
DA:23,3
DA:26,2
DA:45,2
DA:49,2
DA:61,5
DA:64,5
DA:68,5
DA:69,2
DA:73,3
DA:75,3
DA:76,1
DA:80,2
DA:84,2
LF:24
LH:24
BRDA:5,0,0,2
BRDA:5,0,1,2
BRDA:6,1,0,2
BRDA:6,1,1,2
BRDA:17,2,0,2
BRDA:17,2,1,3
BRDA:68,3,0,2
BRDA:68,3,1,3
BRDA:75,4,0,1
BRDA:75,4,1,2
BRF:10
BRH:10
end_of_record
TN:
SF:src\modules\workflows\workflow.controller.ts
FN:6,(anonymous_0)
FN:29,(anonymous_1)
FN:49,(anonymous_2)
FN:72,(anonymous_3)
FN:93,(anonymous_4)
FN:115,(anonymous_5)
FN:137,(anonymous_6)
FN:163,(anonymous_7)
FN:185,(anonymous_8)
FN:226,(anonymous_9)
FN:249,(anonymous_10)
FN:267,(anonymous_11)
FN:289,(anonymous_12)
FN:305,(anonymous_13)
FNF:14
FNH:2
FNDA:0,(anonymous_0)
FNDA:1,(anonymous_1)
FNDA:0,(anonymous_2)
FNDA:0,(anonymous_3)
FNDA:0,(anonymous_4)
FNDA:0,(anonymous_5)
FNDA:0,(anonymous_6)
FNDA:0,(anonymous_7)
FNDA:2,(anonymous_8)
FNDA:0,(anonymous_9)
FNDA:0,(anonymous_10)
FNDA:0,(anonymous_11)
FNDA:0,(anonymous_12)
FNDA:0,(anonymous_13)
DA:2,1
DA:3,1
DA:4,1
DA:6,1
DA:7,0
DA:8,0
DA:9,0
DA:10,0
DA:11,0
DA:15,0
DA:16,0
DA:25,0
DA:29,1
DA:30,1
DA:31,1
DA:32,1
DA:33,0
DA:36,1
DA:43,1
DA:45,0
DA:49,1
DA:50,0
DA:51,0
DA:52,0
DA:54,0
DA:62,0
DA:63,0
DA:66,0
DA:68,0
DA:72,1
DA:73,0
DA:74,0
DA:76,0
DA:78,0
DA:79,0
DA:82,0
DA:93,0
DA:105,0
DA:106,0
DA:109,0
DA:111,0
DA:115,1
DA:116,0
DA:117,0
DA:118,0
DA:119,0
DA:122,0
DA:123,0
DA:125,0
DA:137,0
DA:150,0
DA:151,0
DA:154,0
DA:157,0
DA:159,0
DA:163,1
DA:164,0
DA:165,0
DA:166,0
DA:168,0
DA:169,0
DA:171,0
DA:175,0
DA:177,0
DA:179,0
DA:183,1
DA:185,1
DA:186,2
DA:187,2
DA:188,2
DA:190,2
DA:192,2
DA:196,2
DA:197,0
DA:200,2
DA:201,1
DA:205,1
DA:214,1
DA:220,1
DA:222,0
DA:226,1
DA:227,0
DA:228,0
DA:229,0
DA:231,0
DA:232,0
DA:234,0
DA:235,0
DA:238,0
DA:239,0
DA:243,0
DA:245,0
DA:249,1
DA:250,0
DA:251,0
DA:252,0
DA:260,0
DA:261,0
DA:263,0
DA:267,1
DA:268,0
DA:269,0
DA:270,0
DA:272,0
DA:277,0
DA:279,0
DA:289,0
DA:299,0
DA:301,0
DA:305,1
DA:306,0
DA:307,0
DA:315,0
DA:317,0
LF:114
LH:31
BRDA:10,0,0,0
BRDA:10,0,1,0
BRDA:10,1,0,0
BRDA:10,1,1,0
BRDA:15,2,0,0
BRDA:15,2,1,0
BRDA:15,3,0,0
BRDA:15,3,1,0
BRDA:32,4,0,0
BRDA:32,4,1,1
BRDA:62,5,0,0
BRDA:62,5,1,0
BRDA:78,6,0,0
BRDA:78,6,1,0
BRDA:89,7,0,0
BRDA:89,7,1,0
BRDA:93,8,0,0
BRDA:93,8,1,0
BRDA:95,9,0,0
BRDA:95,9,1,0
BRDA:105,10,0,0
BRDA:105,10,1,0
BRDA:123,11,0,0
BRDA:123,11,1,0
BRDA:134,12,0,0
BRDA:134,12,1,0
BRDA:139,13,0,0
BRDA:139,13,1,0
BRDA:150,14,0,0
BRDA:150,14,1,0
BRDA:150,15,0,0
BRDA:150,15,1,0
BRDA:151,16,0,0
BRDA:151,16,1,0
BRDA:169,17,0,0
BRDA:169,17,1,0
BRDA:196,18,0,0
BRDA:196,18,1,2
BRDA:200,19,0,1
BRDA:200,19,1,1
BRDA:232,20,0,0
BRDA:232,20,1,0
BRDA:234,21,0,0
BRDA:234,21,1,0
BRDA:260,22,0,0
BRDA:260,22,1,0
BRDA:277,23,0,0
BRDA:277,23,1,0
BRDA:291,24,0,0
BRDA:291,24,1,0
BRF:50
BRH:4
end_of_record
TN:
SF:src\modules\workflows\workflow.routes.ts
FNF:0
FNH:0
DA:1,1
DA:2,1
DA:14,1
DA:15,1
DA:17,1
DA:20,1
DA:21,1
DA:24,1
DA:25,1
DA:27,1
DA:29,1
DA:30,1
DA:31,1
DA:32,1
DA:33,1
DA:34,1
DA:35,1
DA:37,1
LF:18
LH:18
BRF:0
BRH:0
end_of_record
TN:
SF:src\utils\interpolate.ts
FN:1,interpolateString
FN:4,(anonymous_1)
FN:21,interpolateConfig
FN:29,(anonymous_3)
FNF:4
FNH:4
FNDA:9,interpolateString
FNDA:7,(anonymous_1)
FNDA:3,interpolateConfig
FNDA:2,(anonymous_3)
DA:1,1
DA:2,9
DA:4,8
DA:5,7
DA:6,7
DA:8,7
DA:9,13
DA:10,11
DA:12,2
DA:16,5
DA:17,5
DA:21,1
DA:22,3
DA:24,3
DA:25,5
DA:26,2
DA:27,3
DA:28,2
DA:29,1
DA:30,2
DA:33,1
DA:36,1
DA:40,3
LF:23
LH:23
BRDA:2,0,0,1
BRDA:2,0,1,8
BRDA:9,1,0,11
BRDA:9,1,1,2
BRDA:9,2,0,13
BRDA:9,2,1,12
BRDA:9,2,2,12
BRDA:16,3,0,0
BRDA:16,3,1,5
BRDA:16,4,0,5
BRDA:16,4,1,5
BRDA:17,5,0,2
BRDA:17,5,1,3
BRDA:25,6,0,2
BRDA:25,6,1,3
BRDA:27,7,0,2
BRDA:27,7,1,1
BRDA:27,8,0,3
BRDA:27,8,1,2
BRDA:28,9,0,1
BRDA:28,9,1,1
BRDA:30,10,0,2
BRDA:30,10,1,0
BRF:23
BRH:21
end_of_record
TN:
SF:src\utils\response.ts
FN:3,(anonymous_0)
FN:11,(anonymous_1)
FNF:2
FNH:2
FNDA:4,(anonymous_0)
FNDA:5,(anonymous_1)
DA:3,2
DA:4,4
DA:11,2
DA:12,5
LF:4
LH:4
BRDA:3,0,0,0
BRDA:3,1,0,2
BRDA:11,2,0,0
BRDA:11,3,0,0
BRDA:15,4,0,0
BRDA:15,4,1,5
BRF:6
BRH:2
end_of_record
